<?xml version="1.0" encoding="UTF-8"?>
<coverage generated="1533080673342" clover="3.2.0">
  <project timestamp="1533080673342" name="All files">
    <metrics statements="92" coveredstatements="69" conditionals="54" coveredconditionals="37" methods="32" coveredmethods="19" elements="178" coveredelements="125" complexity="0" loc="92" ncloc="92" packages="2" files="3" classes="3">
      <package name="jest">
        <metrics statements="1" coveredstatements="1" conditionals="0" coveredconditionals="0" methods="0" coveredmethods="0"/>
        <file name="style-mock.js" path="/home/mattd/Projects/bitmap-flow/client/jest/style-mock.js">
          <metrics statements="1" coveredstatements="1" conditionals="0" coveredconditionals="0" methods="0" coveredmethods="0"/>
          <line num="3" count="1" type="stmt"/>
        </file>
      </package>
      <package name="src">
        <metrics statements="91" coveredstatements="68" conditionals="54" coveredconditionals="37" methods="32" coveredmethods="19"/>
        <file name="Autocomplete.tsx" path="/home/mattd/Projects/bitmap-flow/client/src/Autocomplete.tsx">
          <metrics statements="83" coveredstatements="66" conditionals="52" coveredconditionals="37" methods="30" coveredmethods="19"/>
          <line num="1" count="1" type="stmt"/>
          <line num="2" count="1" type="stmt"/>
          <line num="3" count="1" type="stmt"/>
          <line num="4" count="1" type="stmt"/>
          <line num="7" count="1" type="stmt"/>
          <line num="9" count="1" type="stmt"/>
          <line num="11" count="1" type="stmt"/>
          <line num="19" count="10" type="stmt"/>
          <line num="22" count="3" type="cond" truecount="2" falsecount="0"/>
          <line num="23" count="2" type="stmt"/>
          <line num="28" count="1" type="cond" truecount="1" falsecount="1"/>
          <line num="29" count="0" type="stmt"/>
          <line num="36" count="2" type="cond" truecount="2" falsecount="0"/>
          <line num="37" count="1" type="stmt"/>
          <line num="38" count="1" type="stmt"/>
          <line num="40" count="1" type="stmt"/>
          <line num="43" count="2" type="stmt"/>
          <line num="47" count="0" type="stmt"/>
          <line num="51" count="1" type="cond" truecount="1" falsecount="1"/>
          <line num="52" count="1" type="cond" truecount="3" falsecount="1"/>
          <line num="53" count="1" type="stmt"/>
          <line num="54" count="1" type="stmt"/>
          <line num="62" count="10" type="stmt"/>
          <line num="64" count="10" type="stmt"/>
          <line num="74" count="10" type="stmt"/>
          <line num="79" count="10" type="stmt"/>
          <line num="81" count="10" type="stmt"/>
          <line num="82" count="10" type="stmt"/>
          <line num="84" count="92" type="stmt"/>
          <line num="91" count="5" type="cond" truecount="1" falsecount="1"/>
          <line num="92" count="5" type="stmt"/>
          <line num="94" count="5" type="cond" truecount="2" falsecount="0"/>
          <line num="95" count="3" type="stmt"/>
          <line num="101" count="5" type="cond" truecount="1" falsecount="1"/>
          <line num="102" count="0" type="stmt"/>
          <line num="103" count="0" type="stmt"/>
          <line num="105" count="0" type="stmt"/>
          <line num="113" count="38" type="stmt"/>
          <line num="114" count="38" type="cond" truecount="2" falsecount="0"/>
          <line num="115" count="8" type="stmt"/>
          <line num="116" count="43" type="cond" truecount="1" falsecount="1"/>
          <line num="117" count="43" type="stmt"/>
          <line num="122" count="43" type="stmt"/>
          <line num="124" count="43" type="stmt"/>
          <line num="129" count="0" type="stmt"/>
          <line num="130" count="0" type="stmt"/>
          <line num="131" count="0" type="stmt"/>
          <line num="137" count="8" type="stmt"/>
          <line num="144" count="240" type="stmt"/>
          <line num="146" count="38" type="stmt"/>
          <line num="153" count="0" type="stmt"/>
          <line num="154" count="0" type="stmt"/>
          <line num="169" count="0" type="stmt"/>
          <line num="170" count="0" type="stmt"/>
          <line num="189" count="0" type="stmt"/>
          <line num="191" count="0" type="cond" truecount="0" falsecount="4"/>
          <line num="192" count="0" type="stmt"/>
          <line num="205" count="7" type="stmt"/>
          <line num="207" count="7" type="stmt"/>
          <line num="208" count="32" type="stmt"/>
          <line num="209" count="7" type="stmt"/>
          <line num="213" count="7" type="cond" truecount="4" falsecount="0"/>
          <line num="214" count="1" type="stmt"/>
          <line num="217" count="7" type="cond" truecount="2" falsecount="0"/>
          <line num="218" count="6" type="stmt"/>
          <line num="220" count="7" type="cond" truecount="2" falsecount="0"/>
          <line num="223" count="1" type="stmt"/>
          <line num="226" count="6" type="cond" truecount="2" falsecount="0"/>
          <line num="228" count="2" type="stmt"/>
          <line num="233" count="7" type="cond" truecount="4" falsecount="0"/>
          <line num="234" count="2" type="stmt"/>
          <line num="238" count="2" type="stmt"/>
          <line num="245" count="1" type="cond" truecount="1" falsecount="1"/>
          <line num="246" count="1" type="stmt"/>
          <line num="253" count="0" type="stmt"/>
          <line num="257" count="0" type="stmt"/>
          <line num="261" count="7" type="stmt"/>
          <line num="262" count="7" type="cond" truecount="1" falsecount="1"/>
          <line num="263" count="7" type="stmt"/>
          <line num="265" count="7" type="cond" truecount="2" falsecount="0"/>
          <line num="266" count="1" type="stmt"/>
          <line num="275" count="5" type="stmt"/>
          <line num="276" count="50" type="stmt"/>
        </file>
        <file name="util.ts" path="/home/mattd/Projects/bitmap-flow/client/src/util.ts">
          <metrics statements="8" coveredstatements="2" conditionals="2" coveredconditionals="0" methods="2" coveredmethods="0"/>
          <line num="2" count="1" type="stmt"/>
          <line num="5" count="0" type="cond" truecount="0" falsecount="2"/>
          <line num="6" count="0" type="stmt"/>
          <line num="8" count="0" type="stmt"/>
          <line num="11" count="1" type="stmt"/>
          <line num="12" count="0" type="stmt"/>
          <line num="13" count="0" type="stmt"/>
          <line num="14" count="0" type="stmt"/>
        </file>
      </package>
    </metrics>
  </project>
</coverage>
