{"/home/mattd/Projects/bitmap-flow/client/jest/style-mock.js": {"path":"/home/mattd/Projects/bitmap-flow/client/jest/style-mock.js","statementMap":{"0":{"start":{"line":3,"column":0},"end":{"line":3,"column":20}}},"fnMap":{},"branchMap":{},"s":{"0":1},"f":{},"b":{},"_coverageSchema":"332fd63041d2c1bcb487cc26dd0d5f7d97098a6c","hash":"d8a9531dc67e6fd5834263cba53b25140dc0bbec"}
,"/home/mattd/Projects/bitmap-flow/client/src/Autocomplete.tsx": {"path":"/home/mattd/Projects/bitmap-flow/client/src/Autocomplete.tsx","statementMap":{"0":{"start":{"line":1,"column":0},"end":{"line":1,"column":40}},"1":{"start":{"line":2,"column":0},"end":{"line":2,"column":40}},"2":{"start":{"line":3,"column":0},"end":{"line":3,"column":30}},"3":{"start":{"line":4,"column":0},"end":{"line":4,"column":36}},"4":{"start":{"line":7,"column":15},"end":{"line":7,"column":44}},"5":{"start":{"line":62,"column":8},"end":{"line":62,"column":21}},"6":{"start":{"line":19,"column":12},"end":{"line":57,"column":6}},"7":{"start":{"line":22,"column":12},"end":{"line":24,"column":13}},"8":{"start":{"line":23,"column":16},"end":{"line":23,"column":75}},"9":{"start":{"line":28,"column":12},"end":{"line":29,"column":75}},"10":{"start":{"line":29,"column":16},"end":{"line":29,"column":75}},"11":{"start":{"line":36,"column":12},"end":{"line":41,"column":13}},"12":{"start":{"line":37,"column":16},"end":{"line":37,"column":93}},"13":{"start":{"line":38,"column":16},"end":{"line":38,"column":30}},"14":{"start":{"line":40,"column":16},"end":{"line":40,"column":29}},"15":{"start":{"line":43,"column":12},"end":{"line":43,"column":53}},"16":{"start":{"line":47,"column":12},"end":{"line":47,"column":50}},"17":{"start":{"line":51,"column":12},"end":{"line":55,"column":13}},"18":{"start":{"line":52,"column":16},"end":{"line":53,"column":51}},"19":{"start":{"line":53,"column":20},"end":{"line":53,"column":51}},"20":{"start":{"line":54,"column":16},"end":{"line":54,"column":29}},"21":{"start":{"line":64,"column":8},"end":{"line":72,"column":10}},"22":{"start":{"line":74,"column":8},"end":{"line":74,"column":42}},"23":{"start":{"line":79,"column":31},"end":{"line":79,"column":66}},"24":{"start":{"line":81,"column":8},"end":{"line":86,"column":11}},"25":{"start":{"line":82,"column":12},"end":{"line":85,"column":15}},"26":{"start":{"line":84,"column":59},"end":{"line":84,"column":76}},"27":{"start":{"line":91,"column":8},"end":{"line":109,"column":9}},"28":{"start":{"line":92,"column":28},"end":{"line":92,"column":88}},"29":{"start":{"line":94,"column":12},"end":{"line":99,"column":13}},"30":{"start":{"line":95,"column":16},"end":{"line":98,"column":19}},"31":{"start":{"line":101,"column":12},"end":{"line":108,"column":13}},"32":{"start":{"line":102,"column":38},"end":{"line":102,"column":84}},"33":{"start":{"line":103,"column":37},"end":{"line":103,"column":75}},"34":{"start":{"line":105,"column":16},"end":{"line":107,"column":19}},"35":{"start":{"line":113,"column":19},"end":{"line":113,"column":23}},"36":{"start":{"line":114,"column":8},"end":{"line":142,"column":9}},"37":{"start":{"line":115,"column":26},"end":{"line":136,"column":14}},"38":{"start":{"line":116,"column":38},"end":{"line":116,"column":95}},"39":{"start":{"line":117,"column":32},"end":{"line":121,"column":23}},"40":{"start":{"line":122,"column":34},"end":{"line":122,"column":75}},"41":{"start":{"line":124,"column":16},"end":{"line":135,"column":18}},"42":{"start":{"line":129,"column":39},"end":{"line":129,"column":67}},"43":{"start":{"line":130,"column":43},"end":{"line":130,"column":72}},"44":{"start":{"line":131,"column":41},"end":{"line":131,"column":68}},"45":{"start":{"line":137,"column":12},"end":{"line":141,"column":14}},"46":{"start":{"line":144,"column":31},"end":{"line":144,"column":106}},"47":{"start":{"line":144,"column":67},"end":{"line":144,"column":91}},"48":{"start":{"line":146,"column":8},"end":{"line":178,"column":10}},"49":{"start":{"line":153,"column":35},"end":{"line":153,"column":53}},"50":{"start":{"line":154,"column":34},"end":{"line":154,"column":51}},"51":{"start":{"line":169,"column":43},"end":{"line":169,"column":85}},"52":{"start":{"line":170,"column":44},"end":{"line":170,"column":67}},"53":{"start":{"line":189,"column":8},"end":{"line":189,"column":38}},"54":{"start":{"line":191,"column":8},"end":{"line":192,"column":43}},"55":{"start":{"line":192,"column":12},"end":{"line":192,"column":43}},"56":{"start":{"line":205,"column":20},"end":{"line":205,"column":28}},"57":{"start":{"line":207,"column":28},"end":{"line":208,"column":57}},"58":{"start":{"line":208,"column":12},"end":{"line":208,"column":56}},"59":{"start":{"line":209,"column":25},"end":{"line":209,"column":38}},"60":{"start":{"line":213,"column":8},"end":{"line":215,"column":9}},"61":{"start":{"line":214,"column":12},"end":{"line":214,"column":32}},"62":{"start":{"line":217,"column":8},"end":{"line":218,"column":44}},"63":{"start":{"line":218,"column":12},"end":{"line":218,"column":44}},"64":{"start":{"line":220,"column":8},"end":{"line":231,"column":9}},"65":{"start":{"line":223,"column":12},"end":{"line":225,"column":15}},"66":{"start":{"line":226,"column":15},"end":{"line":231,"column":9}},"67":{"start":{"line":228,"column":12},"end":{"line":230,"column":15}},"68":{"start":{"line":233,"column":8},"end":{"line":234,"column":45}},"69":{"start":{"line":234,"column":12},"end":{"line":234,"column":45}},"70":{"start":{"line":238,"column":8},"end":{"line":238,"column":45}},"71":{"start":{"line":245,"column":8},"end":{"line":249,"column":15}},"72":{"start":{"line":246,"column":12},"end":{"line":249,"column":15}},"73":{"start":{"line":253,"column":8},"end":{"line":253,"column":58}},"74":{"start":{"line":257,"column":8},"end":{"line":257,"column":59}},"75":{"start":{"line":261,"column":24},"end":{"line":261,"column":55}},"76":{"start":{"line":262,"column":8},"end":{"line":267,"column":9}},"77":{"start":{"line":263,"column":27},"end":{"line":263,"column":41}},"78":{"start":{"line":265,"column":12},"end":{"line":266,"column":39}},"79":{"start":{"line":266,"column":16},"end":{"line":266,"column":39}},"80":{"start":{"line":275,"column":8},"end":{"line":276,"column":89}},"81":{"start":{"line":276,"column":32},"end":{"line":276,"column":87}},"82":{"start":{"line":11,"column":18},"end":{"line":17,"column":6}},"83":{"start":{"line":9,"column":0},"end":{"line":278,"column":1}}},"fnMap":{"0":{"name":"(anonymous_0)","decl":{"start":{"line":61,"column":4},"end":{"line":61,"column":22}},"loc":{"start":{"line":61,"column":47},"end":{"line":75,"column":5}}},"1":{"name":"(anonymous_1)","decl":{"start":{"line":21,"column":12},"end":{"line":21,"column":14}},"loc":{"start":{"line":21,"column":17},"end":{"line":25,"column":9}}},"2":{"name":"(anonymous_2)","decl":{"start":{"line":27,"column":12},"end":{"line":27,"column":14}},"loc":{"start":{"line":27,"column":17},"end":{"line":30,"column":9}}},"3":{"name":"(anonymous_3)","decl":{"start":{"line":32,"column":12},"end":{"line":32,"column":14}},"loc":{"start":{"line":32,"column":17},"end":{"line":44,"column":9}}},"4":{"name":"(anonymous_4)","decl":{"start":{"line":46,"column":12},"end":{"line":46,"column":14}},"loc":{"start":{"line":46,"column":17},"end":{"line":48,"column":9}}},"5":{"name":"(anonymous_5)","decl":{"start":{"line":50,"column":11},"end":{"line":50,"column":13}},"loc":{"start":{"line":50,"column":16},"end":{"line":56,"column":9}}},"6":{"name":"(anonymous_6)","decl":{"start":{"line":77,"column":11},"end":{"line":77,"column":27}},"loc":{"start":{"line":77,"column":28},"end":{"line":87,"column":5}}},"7":{"name":"(anonymous_7)","decl":{"start":{"line":81,"column":28},"end":{"line":81,"column":29}},"loc":{"start":{"line":81,"column":50},"end":{"line":86,"column":9}}},"8":{"name":"(anonymous_8)","decl":{"start":{"line":84,"column":50},"end":{"line":84,"column":51}},"loc":{"start":{"line":84,"column":59},"end":{"line":84,"column":76}}},"9":{"name":"(anonymous_9)","decl":{"start":{"line":89,"column":11},"end":{"line":89,"column":28}},"loc":{"start":{"line":89,"column":88},"end":{"line":110,"column":5}}},"10":{"name":"(anonymous_10)","decl":{"start":{"line":112,"column":11},"end":{"line":112,"column":16}},"loc":{"start":{"line":112,"column":17},"end":{"line":179,"column":5}}},"11":{"name":"(anonymous_11)","decl":{"start":{"line":115,"column":58},"end":{"line":115,"column":59}},"loc":{"start":{"line":115,"column":73},"end":{"line":136,"column":13}}},"12":{"name":"(anonymous_12)","decl":{"start":{"line":129,"column":33},"end":{"line":129,"column":35}},"loc":{"start":{"line":129,"column":39},"end":{"line":129,"column":67}}},"13":{"name":"(anonymous_13)","decl":{"start":{"line":130,"column":37},"end":{"line":130,"column":39}},"loc":{"start":{"line":130,"column":43},"end":{"line":130,"column":72}}},"14":{"name":"(anonymous_14)","decl":{"start":{"line":131,"column":35},"end":{"line":131,"column":37}},"loc":{"start":{"line":131,"column":41},"end":{"line":131,"column":68}}},"15":{"name":"(anonymous_15)","decl":{"start":{"line":144,"column":58},"end":{"line":144,"column":59}},"loc":{"start":{"line":144,"column":67},"end":{"line":144,"column":91}}},"16":{"name":"(anonymous_16)","decl":{"start":{"line":153,"column":29},"end":{"line":153,"column":31}},"loc":{"start":{"line":153,"column":35},"end":{"line":153,"column":53}}},"17":{"name":"(anonymous_17)","decl":{"start":{"line":154,"column":28},"end":{"line":154,"column":30}},"loc":{"start":{"line":154,"column":34},"end":{"line":154,"column":51}}},"18":{"name":"(anonymous_18)","decl":{"start":{"line":169,"column":34},"end":{"line":169,"column":35}},"loc":{"start":{"line":169,"column":43},"end":{"line":169,"column":85}}},"19":{"name":"(anonymous_19)","decl":{"start":{"line":170,"column":35},"end":{"line":170,"column":36}},"loc":{"start":{"line":170,"column":44},"end":{"line":170,"column":67}}},"20":{"name":"(anonymous_20)","decl":{"start":{"line":188,"column":11},"end":{"line":188,"column":15}},"loc":{"start":{"line":188,"column":44},"end":{"line":193,"column":5}}},"21":{"name":"(anonymous_21)","decl":{"start":{"line":204,"column":12},"end":{"line":204,"column":23}},"loc":{"start":{"line":204,"column":60},"end":{"line":235,"column":5}}},"22":{"name":"(anonymous_22)","decl":{"start":{"line":207,"column":61},"end":{"line":207,"column":62}},"loc":{"start":{"line":208,"column":12},"end":{"line":208,"column":56}}},"23":{"name":"(anonymous_23)","decl":{"start":{"line":237,"column":12},"end":{"line":237,"column":22}},"loc":{"start":{"line":237,"column":23},"end":{"line":239,"column":5}}},"24":{"name":"(anonymous_24)","decl":{"start":{"line":241,"column":12},"end":{"line":241,"column":21}},"loc":{"start":{"line":241,"column":22},"end":{"line":250,"column":5}}},"25":{"name":"(anonymous_25)","decl":{"start":{"line":252,"column":12},"end":{"line":252,"column":33}},"loc":{"start":{"line":252,"column":34},"end":{"line":254,"column":5}}},"26":{"name":"(anonymous_26)","decl":{"start":{"line":256,"column":12},"end":{"line":256,"column":31}},"loc":{"start":{"line":256,"column":32},"end":{"line":258,"column":5}}},"27":{"name":"(anonymous_27)","decl":{"start":{"line":260,"column":12},"end":{"line":260,"column":24}},"loc":{"start":{"line":260,"column":52},"end":{"line":268,"column":5}}},"28":{"name":"(anonymous_28)","decl":{"start":{"line":274,"column":12},"end":{"line":274,"column":17}},"loc":{"start":{"line":274,"column":58},"end":{"line":277,"column":5}}},"29":{"name":"(anonymous_29)","decl":{"start":{"line":276,"column":20},"end":{"line":276,"column":21}},"loc":{"start":{"line":276,"column":32},"end":{"line":276,"column":87}}}},"branchMap":{"0":{"loc":{"start":{"line":22,"column":12},"end":{"line":24,"column":13}},"type":"if","locations":[{"start":{"line":22,"column":12},"end":{"line":24,"column":13}},{"start":{"line":22,"column":12},"end":{"line":24,"column":13}}]},"1":{"loc":{"start":{"line":28,"column":12},"end":{"line":29,"column":75}},"type":"if","locations":[{"start":{"line":28,"column":12},"end":{"line":29,"column":75}},{"start":{"line":28,"column":12},"end":{"line":29,"column":75}}]},"2":{"loc":{"start":{"line":36,"column":12},"end":{"line":41,"column":13}},"type":"if","locations":[{"start":{"line":36,"column":12},"end":{"line":41,"column":13}},{"start":{"line":36,"column":12},"end":{"line":41,"column":13}}]},"3":{"loc":{"start":{"line":51,"column":12},"end":{"line":55,"column":13}},"type":"if","locations":[{"start":{"line":51,"column":12},"end":{"line":55,"column":13}},{"start":{"line":51,"column":12},"end":{"line":55,"column":13}}]},"4":{"loc":{"start":{"line":52,"column":16},"end":{"line":53,"column":51}},"type":"if","locations":[{"start":{"line":52,"column":16},"end":{"line":53,"column":51}},{"start":{"line":52,"column":16},"end":{"line":53,"column":51}}]},"5":{"loc":{"start":{"line":52,"column":20},"end":{"line":52,"column":48}},"type":"binary-expr","locations":[{"start":{"line":52,"column":20},"end":{"line":52,"column":48}},{"start":{"line":52,"column":52},"end":{"line":52,"column":97}}]},"6":{"loc":{"start":{"line":91,"column":8},"end":{"line":109,"column":9}},"type":"if","locations":[{"start":{"line":91,"column":8},"end":{"line":109,"column":9}},{"start":{"line":91,"column":8},"end":{"line":109,"column":9}}]},"7":{"loc":{"start":{"line":94,"column":12},"end":{"line":99,"column":13}},"type":"if","locations":[{"start":{"line":94,"column":12},"end":{"line":99,"column":13}},{"start":{"line":94,"column":12},"end":{"line":99,"column":13}}]},"8":{"loc":{"start":{"line":101,"column":12},"end":{"line":108,"column":13}},"type":"if","locations":[{"start":{"line":101,"column":12},"end":{"line":108,"column":13}},{"start":{"line":101,"column":12},"end":{"line":108,"column":13}}]},"9":{"loc":{"start":{"line":114,"column":8},"end":{"line":142,"column":9}},"type":"if","locations":[{"start":{"line":114,"column":8},"end":{"line":142,"column":9}},{"start":{"line":114,"column":8},"end":{"line":142,"column":9}}]},"10":{"loc":{"start":{"line":116,"column":68},"end":{"line":116,"column":91}},"type":"cond-expr","locations":[{"start":{"line":116,"column":68},"end":{"line":116,"column":91}},{"start":{"line":116,"column":94},"end":{"line":116,"column":95}}]},"11":{"loc":{"start":{"line":128,"column":90},"end":{"line":128,"column":108}},"type":"cond-expr","locations":[{"start":{"line":128,"column":90},"end":{"line":128,"column":108}},{"start":{"line":128,"column":111},"end":{"line":128,"column":113}}]},"12":{"loc":{"start":{"line":162,"column":63},"end":{"line":162,"column":89}},"type":"cond-expr","locations":[{"start":{"line":162,"column":63},"end":{"line":162,"column":89}},{"start":{"line":162,"column":92},"end":{"line":162,"column":96}}]},"13":{"loc":{"start":{"line":163,"column":60},"end":{"line":163,"column":87}},"type":"cond-expr","locations":[{"start":{"line":163,"column":60},"end":{"line":163,"column":87}},{"start":{"line":163,"column":90},"end":{"line":163,"column":94}}]},"14":{"loc":{"start":{"line":191,"column":8},"end":{"line":192,"column":43}},"type":"if","locations":[{"start":{"line":191,"column":8},"end":{"line":192,"column":43}},{"start":{"line":191,"column":8},"end":{"line":192,"column":43}}]},"15":{"loc":{"start":{"line":191,"column":12},"end":{"line":191,"column":16}},"type":"binary-expr","locations":[{"start":{"line":191,"column":12},"end":{"line":191,"column":16}},{"start":{"line":191,"column":20},"end":{"line":191,"column":31}}]},"16":{"loc":{"start":{"line":213,"column":8},"end":{"line":215,"column":9}},"type":"if","locations":[{"start":{"line":213,"column":8},"end":{"line":215,"column":9}},{"start":{"line":213,"column":8},"end":{"line":215,"column":9}}]},"17":{"loc":{"start":{"line":213,"column":12},"end":{"line":213,"column":21}},"type":"binary-expr","locations":[{"start":{"line":213,"column":12},"end":{"line":213,"column":21}},{"start":{"line":213,"column":25},"end":{"line":213,"column":33}}]},"18":{"loc":{"start":{"line":217,"column":8},"end":{"line":218,"column":44}},"type":"if","locations":[{"start":{"line":217,"column":8},"end":{"line":218,"column":44}},{"start":{"line":217,"column":8},"end":{"line":218,"column":44}}]},"19":{"loc":{"start":{"line":220,"column":8},"end":{"line":231,"column":9}},"type":"if","locations":[{"start":{"line":220,"column":8},"end":{"line":231,"column":9}},{"start":{"line":220,"column":8},"end":{"line":231,"column":9}}]},"20":{"loc":{"start":{"line":226,"column":15},"end":{"line":231,"column":9}},"type":"if","locations":[{"start":{"line":226,"column":15},"end":{"line":231,"column":9}},{"start":{"line":226,"column":15},"end":{"line":231,"column":9}}]},"21":{"loc":{"start":{"line":233,"column":8},"end":{"line":234,"column":45}},"type":"if","locations":[{"start":{"line":233,"column":8},"end":{"line":234,"column":45}},{"start":{"line":233,"column":8},"end":{"line":234,"column":45}}]},"22":{"loc":{"start":{"line":233,"column":12},"end":{"line":233,"column":20}},"type":"binary-expr","locations":[{"start":{"line":233,"column":12},"end":{"line":233,"column":20}},{"start":{"line":233,"column":24},"end":{"line":233,"column":49}}]},"23":{"loc":{"start":{"line":245,"column":8},"end":{"line":249,"column":15}},"type":"if","locations":[{"start":{"line":245,"column":8},"end":{"line":249,"column":15}},{"start":{"line":245,"column":8},"end":{"line":249,"column":15}}]},"24":{"loc":{"start":{"line":262,"column":8},"end":{"line":267,"column":9}},"type":"if","locations":[{"start":{"line":262,"column":8},"end":{"line":267,"column":9}},{"start":{"line":262,"column":8},"end":{"line":267,"column":9}}]},"25":{"loc":{"start":{"line":265,"column":12},"end":{"line":266,"column":39}},"type":"if","locations":[{"start":{"line":265,"column":12},"end":{"line":266,"column":39}},{"start":{"line":265,"column":12},"end":{"line":266,"column":39}}]}},"s":{"0":1,"1":1,"2":1,"3":1,"4":1,"5":10,"6":10,"7":3,"8":2,"9":1,"10":0,"11":2,"12":1,"13":1,"14":1,"15":2,"16":0,"17":1,"18":1,"19":1,"20":1,"21":10,"22":10,"23":10,"24":10,"25":10,"26":92,"27":5,"28":5,"29":5,"30":3,"31":5,"32":0,"33":0,"34":0,"35":38,"36":38,"37":8,"38":43,"39":43,"40":43,"41":43,"42":0,"43":0,"44":0,"45":8,"46":38,"47":240,"48":38,"49":0,"50":0,"51":0,"52":0,"53":0,"54":0,"55":0,"56":7,"57":7,"58":32,"59":7,"60":7,"61":1,"62":7,"63":6,"64":7,"65":1,"66":6,"67":2,"68":7,"69":2,"70":2,"71":1,"72":1,"73":0,"74":0,"75":7,"76":7,"77":7,"78":7,"79":1,"80":5,"81":50,"82":1,"83":1},"f":{"0":10,"1":3,"2":1,"3":2,"4":0,"5":1,"6":10,"7":10,"8":92,"9":5,"10":38,"11":43,"12":0,"13":0,"14":0,"15":240,"16":0,"17":0,"18":0,"19":0,"20":0,"21":7,"22":32,"23":2,"24":1,"25":0,"26":0,"27":7,"28":5,"29":50},"b":{"0":[2,1],"1":[0,1],"2":[1,1],"3":[1,0],"4":[1,0],"5":[1,1],"6":[5,0],"7":[3,2],"8":[0,5],"9":[8,30],"10":[0,43],"11":[0,43],"12":[0,38],"13":[0,38],"14":[0,0],"15":[0,0],"16":[1,6],"17":[7,6],"18":[6,1],"19":[1,6],"20":[2,4],"21":[2,5],"22":[7,2],"23":[1,0],"24":[7,0],"25":[1,6]}}
,"/home/mattd/Projects/bitmap-flow/client/src/util.ts": {"path":"/home/mattd/Projects/bitmap-flow/client/src/util.ts","statementMap":{"0":{"start":{"line":2,"column":40},"end":{"line":2,"column":44}},"1":{"start":{"line":5,"column":4},"end":{"line":6,"column":51}},"2":{"start":{"line":6,"column":8},"end":{"line":6,"column":51}},"3":{"start":{"line":8,"column":4},"end":{"line":8,"column":36}},"4":{"start":{"line":12,"column":20},"end":{"line":12,"column":35}},"5":{"start":{"line":13,"column":4},"end":{"line":13,"column":34}},"6":{"start":{"line":14,"column":4},"end":{"line":14,"column":48}},"7":{"start":{"line":11,"column":0},"end":{"line":15,"column":1}}},"fnMap":{"0":{"name":"canvasContext","decl":{"start":{"line":4,"column":9},"end":{"line":4,"column":22}},"loc":{"start":{"line":4,"column":22},"end":{"line":9,"column":1}}},"1":{"name":"measureText","decl":{"start":{"line":11,"column":16},"end":{"line":11,"column":27}},"loc":{"start":{"line":11,"column":69},"end":{"line":15,"column":1}}}},"branchMap":{"0":{"loc":{"start":{"line":5,"column":4},"end":{"line":6,"column":51}},"type":"if","locations":[{"start":{"line":5,"column":4},"end":{"line":6,"column":51}},{"start":{"line":5,"column":4},"end":{"line":6,"column":51}}]}},"s":{"0":1,"1":0,"2":0,"3":0,"4":0,"5":0,"6":0,"7":1},"f":{"0":0,"1":0},"b":{"0":[0,0]}}
}
