TN:
SF:/home/mattd/Projects/bitmap-flow/client/jest/style-mock.js
FNF:0
FNH:0
DA:3,1
LF:1
LH:1
BRF:0
BRH:0
end_of_record
TN:
SF:/home/mattd/Projects/bitmap-flow/client/src/Autocomplete.tsx
FN:61,(anonymous_0)
FN:21,(anonymous_1)
FN:27,(anonymous_2)
FN:32,(anonymous_3)
FN:46,(anonymous_4)
FN:50,(anonymous_5)
FN:77,(anonymous_6)
FN:81,(anonymous_7)
FN:84,(anonymous_8)
FN:89,(anonymous_9)
FN:112,(anonymous_10)
FN:115,(anonymous_11)
FN:129,(anonymous_12)
FN:130,(anonymous_13)
FN:131,(anonymous_14)
FN:144,(anonymous_15)
FN:153,(anonymous_16)
FN:154,(anonymous_17)
FN:169,(anonymous_18)
FN:170,(anonymous_19)
FN:188,(anonymous_20)
FN:204,(anonymous_21)
FN:207,(anonymous_22)
FN:237,(anonymous_23)
FN:241,(anonymous_24)
FN:252,(anonymous_25)
FN:256,(anonymous_26)
FN:260,(anonymous_27)
FN:274,(anonymous_28)
FN:276,(anonymous_29)
FNF:30
FNH:19
FNDA:10,(anonymous_0)
FNDA:3,(anonymous_1)
FNDA:1,(anonymous_2)
FNDA:2,(anonymous_3)
FNDA:0,(anonymous_4)
FNDA:1,(anonymous_5)
FNDA:10,(anonymous_6)
FNDA:10,(anonymous_7)
FNDA:92,(anonymous_8)
FNDA:5,(anonymous_9)
FNDA:38,(anonymous_10)
FNDA:43,(anonymous_11)
FNDA:0,(anonymous_12)
FNDA:0,(anonymous_13)
FNDA:0,(anonymous_14)
FNDA:240,(anonymous_15)
FNDA:0,(anonymous_16)
FNDA:0,(anonymous_17)
FNDA:0,(anonymous_18)
FNDA:0,(anonymous_19)
FNDA:0,(anonymous_20)
FNDA:7,(anonymous_21)
FNDA:32,(anonymous_22)
FNDA:2,(anonymous_23)
FNDA:1,(anonymous_24)
FNDA:0,(anonymous_25)
FNDA:0,(anonymous_26)
FNDA:7,(anonymous_27)
FNDA:5,(anonymous_28)
FNDA:50,(anonymous_29)
DA:1,1
DA:2,1
DA:3,1
DA:4,1
DA:7,1
DA:9,1
DA:11,1
DA:19,10
DA:22,3
DA:23,2
DA:28,1
DA:29,0
DA:36,2
DA:37,1
DA:38,1
DA:40,1
DA:43,2
DA:47,0
DA:51,1
DA:52,1
DA:53,1
DA:54,1
DA:62,10
DA:64,10
DA:74,10
DA:79,10
DA:81,10
DA:82,10
DA:84,92
DA:91,5
DA:92,5
DA:94,5
DA:95,3
DA:101,5
DA:102,0
DA:103,0
DA:105,0
DA:113,38
DA:114,38
DA:115,8
DA:116,43
DA:117,43
DA:122,43
DA:124,43
DA:129,0
DA:130,0
DA:131,0
DA:137,8
DA:144,240
DA:146,38
DA:153,0
DA:154,0
DA:169,0
DA:170,0
DA:189,0
DA:191,0
DA:192,0
DA:205,7
DA:207,7
DA:208,32
DA:209,7
DA:213,7
DA:214,1
DA:217,7
DA:218,6
DA:220,7
DA:223,1
DA:226,6
DA:228,2
DA:233,7
DA:234,2
DA:238,2
DA:245,1
DA:246,1
DA:253,0
DA:257,0
DA:261,7
DA:262,7
DA:263,7
DA:265,7
DA:266,1
DA:275,5
DA:276,50
LF:83
LH:66
BRDA:22,0,0,2
BRDA:22,0,1,1
BRDA:28,1,0,0
BRDA:28,1,1,1
BRDA:36,2,0,1
BRDA:36,2,1,1
BRDA:51,3,0,1
BRDA:51,3,1,0
BRDA:52,4,0,1
BRDA:52,4,1,0
BRDA:52,5,0,1
BRDA:52,5,1,1
BRDA:91,6,0,5
BRDA:91,6,1,0
BRDA:94,7,0,3
BRDA:94,7,1,2
BRDA:101,8,0,0
BRDA:101,8,1,5
BRDA:114,9,0,8
BRDA:114,9,1,30
BRDA:116,10,0,0
BRDA:116,10,1,43
BRDA:128,11,0,0
BRDA:128,11,1,43
BRDA:162,12,0,0
BRDA:162,12,1,38
BRDA:163,13,0,0
BRDA:163,13,1,38
BRDA:191,14,0,0
BRDA:191,14,1,0
BRDA:191,15,0,0
BRDA:191,15,1,0
BRDA:213,16,0,1
BRDA:213,16,1,6
BRDA:213,17,0,7
BRDA:213,17,1,6
BRDA:217,18,0,6
BRDA:217,18,1,1
BRDA:220,19,0,1
BRDA:220,19,1,6
BRDA:226,20,0,2
BRDA:226,20,1,4
BRDA:233,21,0,2
BRDA:233,21,1,5
BRDA:233,22,0,7
BRDA:233,22,1,2
BRDA:245,23,0,1
BRDA:245,23,1,0
BRDA:262,24,0,7
BRDA:262,24,1,0
BRDA:265,25,0,1
BRDA:265,25,1,6
BRF:52
BRH:37
end_of_record
TN:
SF:/home/mattd/Projects/bitmap-flow/client/src/util.ts
FN:4,canvasContext
FN:11,measureText
FNF:2
FNH:0
FNDA:0,canvasContext
FNDA:0,measureText
DA:2,1
DA:5,0
DA:6,0
DA:8,0
DA:11,1
DA:12,0
DA:13,0
DA:14,0
LF:8
LH:2
BRDA:5,0,0,0
BRDA:5,0,1,0
BRF:2
BRH:0
end_of_record
